<?xml version="1.0" encoding="UTF-8"?>
<!-- Generated by org.testng.reporters.JUnitXMLReporter -->
<testsuite hostname="DESKTOP-0M1MH5T" ignored="3" name="Default test(failed)" tests="1" failures="0" timestamp="2020-06-12T16:15:00 IST" time="28.126" errors="0">
  <testcase name="tweetPopupTest" time="8.462" classname="testngprograms.ZKDemoTest"/>
  <testcase name="radioButtonTest" time="0.0" classname="testngprograms.ZKDemoTest">
    <ignored/>
  </testcase> <!-- radioButtonTest -->
  <testcase name="buttonTest" time="0.0" classname="testngprograms.ZKDemoTest">
    <ignored/>
  </testcase> <!-- buttonTest -->
  <testcase name="checkboxTest" time="0.0" classname="testngprograms.ZKDemoTest">
    <ignored/>
  </testcase> <!-- checkboxTest -->
</testsuite> <!-- Default test(failed) -->
