<?xml version="1.0" encoding="UTF-8"?>
<!-- Generated by org.testng.reporters.JUnitXMLReporter -->
<testsuite hostname="DESKTOP-0M1MH5T" ignored="0" name="ChromelTest" tests="8" failures="0" timestamp="2020-06-13T17:10:12 IST" time="82.879" errors="0">
  <testcase name="buttonTest" time="3.98" classname="testngprograms.ZKDemoTest"/>
  <testcase name="checkboxTest" time="13.576" classname="testngprograms.ZKDemoTest"/>
  <testcase name="checkedCheckboxCountTest" time="1.27" classname="testngprograms.CheckboxCountTest"/>
  <testcase name="googleSuggestionTest" time="15.326" classname="testngprograms.GoogleSuggestionTest"/>
  <testcase name="unCheckedCheckboxCountTest" time="0.574" classname="testngprograms.CheckboxCountTest"/>
  <testcase name="radioButtonTest" time="10.201" classname="testngprograms.ZKDemoTest"/>
  <testcase name="totalCheckboxCountTest" time="1.011" classname="testngprograms.CheckboxCountTest"/>
  <testcase name="tweetPopupTest" time="12.469" classname="testngprograms.ZKDemoTest"/>
</testsuite> <!-- ChromelTest -->
