<?xml version="1.0" encoding="UTF-8"?>
<!-- Generated by org.testng.reporters.JUnitXMLReporter -->
<testsuite hostname="DESKTOP-0M1MH5T" ignored="0" name="firefoxTest" tests="4" failures="0" timestamp="2020-06-13T17:09:55 IST" time="65.964" errors="0">
  <testcase name="buttonTest" time="3.98" classname="testngprograms.ZKDemoTest"/>
  <testcase name="checkboxTest" time="13.576" classname="testngprograms.ZKDemoTest"/>
  <testcase name="googleSuggestionTest" time="15.326" classname="testngprograms.GoogleSuggestionTest"/>
  <testcase name="radioButtonTest" time="10.201" classname="testngprograms.ZKDemoTest"/>
</testsuite> <!-- firefoxTest -->
