<?xml version="1.0" encoding="UTF-8"?>
<!-- Generated by org.testng.reporters.JUnitXMLReporter -->
<testsuite hostname="DESKTOP-0M1MH5T" ignored="8" name="GroupsTest" tests="6" failures="0" timestamp="2020-06-12T16:43:17 IST" time="0.224" errors="0">
  <testcase name="smokeTest2" time="0.041" classname="testngprograms.GroupTest"/>
  <testcase name="smokeTest3" time="0.016" classname="testngprograms.GroupTest"/>
  <testcase name="smoketest1" time="0.004" classname="testngprograms.GroupTest"/>
  <testcase name="smokeTest2" time="0.003" classname="testngprograms.GroupTest2"/>
  <testcase name="smokeTest3" time="0.002" classname="testngprograms.GroupTest2"/>
  <testcase name="smoketest1" time="0.008" classname="testngprograms.GroupTest2"/>
  <testcase name="regTest6" time="0.0" classname="testngprograms.GroupTest">
    <ignored/>
  </testcase> <!-- regTest6 -->
  <testcase name="regTest6" time="0.0" classname="testngprograms.GroupTest2">
    <ignored/>
  </testcase> <!-- regTest6 -->
  <testcase name="regTest7" time="0.0" classname="testngprograms.GroupTest">
    <ignored/>
  </testcase> <!-- regTest7 -->
  <testcase name="regTest7" time="0.0" classname="testngprograms.GroupTest2">
    <ignored/>
  </testcase> <!-- regTest7 -->
  <testcase name="regTest5" time="0.0" classname="testngprograms.GroupTest">
    <ignored/>
  </testcase> <!-- regTest5 -->
  <testcase name="regTest5" time="0.0" classname="testngprograms.GroupTest2">
    <ignored/>
  </testcase> <!-- regTest5 -->
  <testcase name="regTest4" time="0.0" classname="testngprograms.GroupTest">
    <ignored/>
  </testcase> <!-- regTest4 -->
  <testcase name="regTest4" time="0.0" classname="testngprograms.GroupTest2">
    <ignored/>
  </testcase> <!-- regTest4 -->
</testsuite> <!-- GroupsTest -->
