<?xml version="1.0" encoding="UTF-8"?>
<testng-results skipped="0" failed="0" ignored="0" total="1" passed="1">
  <reporter-output>
    <line>
      <![CDATA[set CHROME_DRIVER_SILENT_OUTPUT_PROPERTY to avoid TImeOut log in console]]>
    </line>
    <line>
      <![CDATA[set the chromedriver.exe file]]>
    </line>
  </reporter-output>
  <suite name="Default suite" duration-ms="25329" started-at="2020-06-17T17:03:48 IST" finished-at="2020-06-17T17:04:14 IST">
    <groups>
    </groups>
    <test name="Default test" duration-ms="25329" started-at="2020-06-17T17:03:48 IST" finished-at="2020-06-17T17:04:14 IST">
      <class name="testngprograms.JqueryDatePickerTest">
        <test-method status="PASS" signature="beforeTest()[pri:0, instance:testngprograms.JqueryDatePickerTest@43814d18]" name="beforeTest" is-config="true" duration-ms="7756" started-at="2020-06-17T17:03:48 IST" finished-at="2020-06-17T17:03:56 IST">
          <reporter-output>
            <line>
              <![CDATA[set CHROME_DRIVER_SILENT_OUTPUT_PROPERTY to avoid TImeOut log in console]]>
            </line>
            <line>
              <![CDATA[set the chromedriver.exe file]]>
            </line>
          </reporter-output>
        </test-method> <!-- beforeTest -->
        <test-method status="PASS" signature="dateSelectionTest()[pri:0, instance:testngprograms.JqueryDatePickerTest@43814d18]" name="dateSelectionTest" duration-ms="17449" started-at="2020-06-17T17:03:56 IST" finished-at="2020-06-17T17:04:14 IST">
          <reporter-output>
          </reporter-output>
        </test-method> <!-- dateSelectionTest -->
        <test-method status="PASS" signature="afterTest()[pri:0, instance:testngprograms.JqueryDatePickerTest@43814d18]" name="afterTest" is-config="true" duration-ms="1" started-at="2020-06-17T17:04:14 IST" finished-at="2020-06-17T17:04:14 IST">
          <reporter-output>
          </reporter-output>
        </test-method> <!-- afterTest -->
      </class> <!-- testngprograms.JqueryDatePickerTest -->
    </test> <!-- Default test -->
  </suite> <!-- Default suite -->
</testng-results>
